<?xml version="1.0" encoding="UTF-8"?>
<testng-results ignored="0" total="1" passed="1" failed="0" skipped="0">
  <reporter-output>
  </reporter-output>
  <suite started-at="2023-04-27T11:29:30 ICT" name="Default suite" finished-at="2023-04-27T11:30:41 ICT" duration-ms="70527">
    <groups>
    </groups>
    <test started-at="2023-04-27T11:29:30 ICT" name="Default test" finished-at="2023-04-27T11:30:41 ICT" duration-ms="70527">
      <class name="testcase.TestCase_004">
        <test-method is-config="true" signature="configureAppium()[pri:0, instance:testcase.TestCase_004@402c4085]" started-at="2023-04-27T11:29:30 ICT" name="configureAppium" finished-at="2023-04-27T11:29:39 ICT" duration-ms="9115" status="PASS">
          <reporter-output>
          </reporter-output>
        </test-method> <!-- configureAppium -->
        <test-method signature="handlingHybridApps()[pri:0, instance:testcase.TestCase_004@402c4085]" started-at="2023-04-27T11:29:39 ICT" name="handlingHybridApps" finished-at="2023-04-27T11:30:40 ICT" duration-ms="60759" status="PASS">
          <reporter-output>
          </reporter-output>
        </test-method> <!-- handlingHybridApps -->
        <test-method is-config="true" signature="tearDown()[pri:0, instance:testcase.TestCase_004@402c4085]" started-at="2023-04-27T11:30:40 ICT" name="tearDown" finished-at="2023-04-27T11:30:41 ICT" duration-ms="536" status="PASS">
          <reporter-output>
          </reporter-output>
        </test-method> <!-- tearDown -->
      </class> <!-- testcase.TestCase_004 -->
    </test> <!-- Default test -->
  </suite> <!-- Default suite -->
</testng-results>
